2025-08-20T13:16:58.042084Z  INFO tailwindcss_oxide::scanner: Provided sources:
2025-08-20T13:16:58.043551Z  INFO tailwindcss_oxide::scanner: Source: PublicSourceEntry { base: "/Users/dhrubpathak/Downloads/expense-tracker", pattern: "**/*", negated: false }
2025-08-20T13:16:58.044310Z  INFO tailwindcss_oxide::scanner: Optimized sources:
2025-08-20T13:16:58.044327Z  INFO tailwindcss_oxide::scanner: Source: Auto { base: "/Users/dhrubpathak/Downloads/expense-tracker" }
2025-08-20T13:16:58.047340Z  INFO scan_sources: tailwindcss_oxide::scanner: enter
2025-08-20T13:16:58.048288Z  INFO scan_sources: tailwindcss_oxide::scanner: Discovering "/Users/dhrubpathak/Downloads/expense-tracker/middleware.ts"
2025-08-20T13:16:58.048349Z  INFO scan_sources: tailwindcss_oxide::scanner: Discovering "/Users/dhrubpathak/Downloads/expense-tracker/jsconfig.json"
2025-08-20T13:16:58.048379Z  INFO scan_sources: tailwindcss_oxide::scanner: Discovering "/Users/dhrubpathak/Downloads/expense-tracker/tailwind.config.js"
2025-08-20T13:16:58.048439Z  INFO scan_sources: tailwindcss_oxide::scanner: Discovering "/Users/dhrubpathak/Downloads/expense-tracker/context"
2025-08-20T13:16:58.048495Z  INFO scan_sources: tailwindcss_oxide::scanner: Discovering "/Users/dhrubpathak/Downloads/expense-tracker/context/BugetContext.jsx"
2025-08-20T13:16:58.048521Z  INFO scan_sources: tailwindcss_oxide::scanner: Discovering "/Users/dhrubpathak/Downloads/expense-tracker/context/SubscriptionContext.jsx"
2025-08-20T13:16:58.048573Z  INFO scan_sources: tailwindcss_oxide::scanner: Discovering "/Users/dhrubpathak/Downloads/expense-tracker/context/NotificationContext.jsx"
2025-08-20T13:16:58.048642Z  INFO scan_sources: tailwindcss_oxide::scanner: Discovering "/Users/dhrubpathak/Downloads/expense-tracker/app"
2025-08-20T13:16:58.048725Z  INFO scan_sources: tailwindcss_oxide::scanner: Discovering "/Users/dhrubpathak/Downloads/expense-tracker/app/(routes)"
2025-08-20T13:16:58.048792Z  INFO scan_sources: tailwindcss_oxide::scanner: Discovering "/Users/dhrubpathak/Downloads/expense-tracker/app/(routes)/dashboard"
2025-08-20T13:16:58.048864Z  INFO scan_sources: tailwindcss_oxide::scanner: Discovering "/Users/dhrubpathak/Downloads/expense-tracker/app/(routes)/dashboard/settings"
2025-08-20T13:16:58.048912Z  INFO scan_sources: tailwindcss_oxide::scanner: Discovering "/Users/dhrubpathak/Downloads/expense-tracker/app/(routes)/dashboard/settings/page.jsx"
2025-08-20T13:16:58.048959Z  INFO scan_sources: tailwindcss_oxide::scanner: Discovering "/Users/dhrubpathak/Downloads/expense-tracker/app/(routes)/dashboard/expense"
2025-08-20T13:16:58.049005Z  INFO scan_sources: tailwindcss_oxide::scanner: Discovering "/Users/dhrubpathak/Downloads/expense-tracker/app/(routes)/dashboard/expense/page.jsx"
2025-08-20T13:16:58.049035Z  INFO scan_sources: tailwindcss_oxide::scanner: Discovering "/Users/dhrubpathak/Downloads/expense-tracker/app/(routes)/dashboard/layout.jsx"
2025-08-20T13:16:58.049076Z  INFO scan_sources: tailwindcss_oxide::scanner: Discovering "/Users/dhrubpathak/Downloads/expense-tracker/app/(routes)/dashboard/upgrade"
2025-08-20T13:16:58.049119Z  INFO scan_sources: tailwindcss_oxide::scanner: Discovering "/Users/dhrubpathak/Downloads/expense-tracker/app/(routes)/dashboard/upgrade/page.jsx"
2025-08-20T13:16:58.049165Z  INFO scan_sources: tailwindcss_oxide::scanner: Discovering "/Users/dhrubpathak/Downloads/expense-tracker/app/(routes)/dashboard/expenses"
2025-08-20T13:16:58.049231Z  INFO scan_sources: tailwindcss_oxide::scanner: Discovering "/Users/dhrubpathak/Downloads/expense-tracker/app/(routes)/dashboard/expenses/_components"
2025-08-20T13:16:58.049284Z  INFO scan_sources: tailwindcss_oxide::scanner: Discovering "/Users/dhrubpathak/Downloads/expense-tracker/app/(routes)/dashboard/expenses/_components/AddExpense.jsx"
2025-08-20T13:16:58.049309Z  INFO scan_sources: tailwindcss_oxide::scanner: Discovering "/Users/dhrubpathak/Downloads/expense-tracker/app/(routes)/dashboard/expenses/_components/EditBudget.jsx"
2025-08-20T13:16:58.049332Z  INFO scan_sources: tailwindcss_oxide::scanner: Discovering "/Users/dhrubpathak/Downloads/expense-tracker/app/(routes)/dashboard/expenses/_components/ExpenseListTable.jsx"
2025-08-20T13:16:58.049396Z  INFO scan_sources: tailwindcss_oxide::scanner: Discovering "/Users/dhrubpathak/Downloads/expense-tracker/app/(routes)/dashboard/expenses/[id]"
2025-08-20T13:16:58.049437Z  INFO scan_sources: tailwindcss_oxide::scanner: Discovering "/Users/dhrubpathak/Downloads/expense-tracker/app/(routes)/dashboard/expenses/[id]/page.jsx"
2025-08-20T13:16:58.049467Z  INFO scan_sources: tailwindcss_oxide::scanner: Discovering "/Users/dhrubpathak/Downloads/expense-tracker/app/(routes)/dashboard/page.jsx"
2025-08-20T13:16:58.049507Z  INFO scan_sources: tailwindcss_oxide::scanner: Discovering "/Users/dhrubpathak/Downloads/expense-tracker/app/(routes)/dashboard/manage-expenses"
2025-08-20T13:16:58.049549Z  INFO scan_sources: tailwindcss_oxide::scanner: Discovering "/Users/dhrubpathak/Downloads/expense-tracker/app/(routes)/dashboard/manage-expenses/page.jsx"
2025-08-20T13:16:58.049590Z  INFO scan_sources: tailwindcss_oxide::scanner: Discovering "/Users/dhrubpathak/Downloads/expense-tracker/app/(routes)/dashboard/stripe-test"
2025-08-20T13:16:58.049632Z  INFO scan_sources: tailwindcss_oxide::scanner: Discovering "/Users/dhrubpathak/Downloads/expense-tracker/app/(routes)/dashboard/stripe-test/page.jsx"
2025-08-20T13:16:58.049674Z  INFO scan_sources: tailwindcss_oxide::scanner: Discovering "/Users/dhrubpathak/Downloads/expense-tracker/app/(routes)/dashboard/_components"
2025-08-20T13:16:58.049721Z  INFO scan_sources: tailwindcss_oxide::scanner: Discovering "/Users/dhrubpathak/Downloads/expense-tracker/app/(routes)/dashboard/_components/BarChartDashboard.jsx"
2025-08-20T13:16:58.049743Z  INFO scan_sources: tailwindcss_oxide::scanner: Discovering "/Users/dhrubpathak/Downloads/expense-tracker/app/(routes)/dashboard/_components/DashboardHeader.jsx"
2025-08-20T13:16:58.049763Z  INFO scan_sources: tailwindcss_oxide::scanner: Discovering "/Users/dhrubpathak/Downloads/expense-tracker/app/(routes)/dashboard/_components/Footer.jsx"
2025-08-20T13:16:58.049782Z  INFO scan_sources: tailwindcss_oxide::scanner: Discovering "/Users/dhrubpathak/Downloads/expense-tracker/app/(routes)/dashboard/_components/FeatureCard.jsx"
2025-08-20T13:16:58.049802Z  INFO scan_sources: tailwindcss_oxide::scanner: Discovering "/Users/dhrubpathak/Downloads/expense-tracker/app/(routes)/dashboard/_components/EmailLink.jsx"
2025-08-20T13:16:58.049822Z  INFO scan_sources: tailwindcss_oxide::scanner: Discovering "/Users/dhrubpathak/Downloads/expense-tracker/app/(routes)/dashboard/_components/DashboardClient.jsx"
2025-08-20T13:16:58.049842Z  INFO scan_sources: tailwindcss_oxide::scanner: Discovering "/Users/dhrubpathak/Downloads/expense-tracker/app/(routes)/dashboard/_components/CardInfo.jsx"
2025-08-20T13:16:58.049861Z  INFO scan_sources: tailwindcss_oxide::scanner: Discovering "/Users/dhrubpathak/Downloads/expense-tracker/app/(routes)/dashboard/_components/PieChartDashboard.jsx"
2025-08-20T13:16:58.049881Z  INFO scan_sources: tailwindcss_oxide::scanner: Discovering "/Users/dhrubpathak/Downloads/expense-tracker/app/(routes)/dashboard/_components/NavBar.jsx"
2025-08-20T13:16:58.049926Z  INFO scan_sources: tailwindcss_oxide::scanner: Discovering "/Users/dhrubpathak/Downloads/expense-tracker/app/(routes)/dashboard/budgets"
2025-08-20T13:16:58.049973Z  INFO scan_sources: tailwindcss_oxide::scanner: Discovering "/Users/dhrubpathak/Downloads/expense-tracker/app/(routes)/dashboard/budgets/page.jsx"
2025-08-20T13:16:58.050029Z  INFO scan_sources: tailwindcss_oxide::scanner: Discovering "/Users/dhrubpathak/Downloads/expense-tracker/app/(routes)/dashboard/budgets/_components"
2025-08-20T13:16:58.050082Z  INFO scan_sources: tailwindcss_oxide::scanner: Discovering "/Users/dhrubpathak/Downloads/expense-tracker/app/(routes)/dashboard/budgets/_components/CreateBudget.jsx"
2025-08-20T13:16:58.050113Z  INFO scan_sources: tailwindcss_oxide::scanner: Discovering "/Users/dhrubpathak/Downloads/expense-tracker/app/(routes)/dashboard/budgets/_components/BudgetList.jsx"
2025-08-20T13:16:58.052073Z  INFO scan_sources: tailwindcss_oxide::scanner: Discovering "/Users/dhrubpathak/Downloads/expense-tracker/app/(routes)/dashboard/budgets/_components/EditBudget.jsx"
2025-08-20T13:16:58.052118Z  INFO scan_sources: tailwindcss_oxide::scanner: Discovering "/Users/dhrubpathak/Downloads/expense-tracker/app/(routes)/dashboard/budgets/_components/BudgetItem.jsx"
2025-08-20T13:16:58.052204Z  INFO scan_sources: tailwindcss_oxide::scanner: Discovering "/Users/dhrubpathak/Downloads/expense-tracker/app/(routes)/dashboard/categories"
2025-08-20T13:16:58.052264Z  INFO scan_sources: tailwindcss_oxide::scanner: Discovering "/Users/dhrubpathak/Downloads/expense-tracker/app/(routes)/dashboard/DashboardClientWrapper.jsx"
2025-08-20T13:16:58.052296Z  INFO scan_sources: tailwindcss_oxide::scanner: Discovering "/Users/dhrubpathak/Downloads/expense-tracker/app/layout.js"
2025-08-20T13:16:58.052319Z  INFO scan_sources: tailwindcss_oxide::scanner: Discovering "/Users/dhrubpathak/Downloads/expense-tracker/app/page.js"
2025-08-20T13:16:58.052339Z  INFO scan_sources: tailwindcss_oxide::scanner: Discovering "/Users/dhrubpathak/Downloads/expense-tracker/app/Provider.jsx"
2025-08-20T13:16:58.052384Z  INFO scan_sources: tailwindcss_oxide::scanner: Discovering "/Users/dhrubpathak/Downloads/expense-tracker/app/_componets"
2025-08-20T13:16:58.052429Z  INFO scan_sources: tailwindcss_oxide::scanner: Discovering "/Users/dhrubpathak/Downloads/expense-tracker/app/_componets/Header.jsx"
2025-08-20T13:16:58.052450Z  INFO scan_sources: tailwindcss_oxide::scanner: Discovering "/Users/dhrubpathak/Downloads/expense-tracker/app/_componets/Hero.jsx"
2025-08-20T13:16:58.052492Z  INFO scan_sources: tailwindcss_oxide::scanner: Discovering "/Users/dhrubpathak/Downloads/expense-tracker/app/api"
2025-08-20T13:16:58.052557Z  INFO scan_sources: tailwindcss_oxide::scanner: Discovering "/Users/dhrubpathak/Downloads/expense-tracker/app/api/settings"
2025-08-20T13:16:58.052614Z  INFO scan_sources: tailwindcss_oxide::scanner: Discovering "/Users/dhrubpathak/Downloads/expense-tracker/app/api/settings/currency"
2025-08-20T13:16:58.052675Z  INFO scan_sources: tailwindcss_oxide::scanner: Discovering "/Users/dhrubpathak/Downloads/expense-tracker/app/api/clear-data"
2025-08-20T13:16:58.052718Z  INFO scan_sources: tailwindcss_oxide::scanner: Discovering "/Users/dhrubpathak/Downloads/expense-tracker/app/api/clear-data/route.js"
2025-08-20T13:16:58.052760Z  INFO scan_sources: tailwindcss_oxide::scanner: Discovering "/Users/dhrubpathak/Downloads/expense-tracker/app/api/test"
2025-08-20T13:16:58.052820Z  INFO scan_sources: tailwindcss_oxide::scanner: Discovering "/Users/dhrubpathak/Downloads/expense-tracker/app/api/expenses"
2025-08-20T13:16:58.052860Z  INFO scan_sources: tailwindcss_oxide::scanner: Discovering "/Users/dhrubpathak/Downloads/expense-tracker/app/api/expenses/route.js"
2025-08-20T13:16:58.052897Z  INFO scan_sources: tailwindcss_oxide::scanner: Discovering "/Users/dhrubpathak/Downloads/expense-tracker/app/api/expenses/[id]"
2025-08-20T13:16:58.052938Z  INFO scan_sources: tailwindcss_oxide::scanner: Discovering "/Users/dhrubpathak/Downloads/expense-tracker/app/api/expenses/[id]/route.js"
2025-08-20T13:16:58.052983Z  INFO scan_sources: tailwindcss_oxide::scanner: Discovering "/Users/dhrubpathak/Downloads/expense-tracker/app/api/health"
2025-08-20T13:16:58.053026Z  INFO scan_sources: tailwindcss_oxide::scanner: Discovering "/Users/dhrubpathak/Downloads/expense-tracker/app/api/health/route.js"
2025-08-20T13:16:58.053067Z  INFO scan_sources: tailwindcss_oxide::scanner: Discovering "/Users/dhrubpathak/Downloads/expense-tracker/app/api/budgets"
2025-08-20T13:16:58.053107Z  INFO scan_sources: tailwindcss_oxide::scanner: Discovering "/Users/dhrubpathak/Downloads/expense-tracker/app/api/budgets/route.js"
2025-08-20T13:16:58.053143Z  INFO scan_sources: tailwindcss_oxide::scanner: Discovering "/Users/dhrubpathak/Downloads/expense-tracker/app/api/budgets/[id]"
2025-08-20T13:16:58.053191Z  INFO scan_sources: tailwindcss_oxide::scanner: Discovering "/Users/dhrubpathak/Downloads/expense-tracker/app/api/budgets/[id]/route.js"
2025-08-20T13:16:58.053260Z  INFO scan_sources: tailwindcss_oxide::scanner: Discovering "/Users/dhrubpathak/Downloads/expense-tracker/app/api/export"
2025-08-20T13:16:58.053320Z  INFO scan_sources: tailwindcss_oxide::scanner: Discovering "/Users/dhrubpathak/Downloads/expense-tracker/app/api/export/expenses"
2025-08-20T13:16:58.053360Z  INFO scan_sources: tailwindcss_oxide::scanner: Discovering "/Users/dhrubpathak/Downloads/expense-tracker/app/api/export/expenses/route.js"
2025-08-20T13:16:58.053401Z  INFO scan_sources: tailwindcss_oxide::scanner: Discovering "/Users/dhrubpathak/Downloads/expense-tracker/app/api/export/budgets"
2025-08-20T13:16:58.053447Z  INFO scan_sources: tailwindcss_oxide::scanner: Discovering "/Users/dhrubpathak/Downloads/expense-tracker/app/api/export/budgets/route.js"
2025-08-20T13:16:58.053491Z  INFO scan_sources: tailwindcss_oxide::scanner: Discovering "/Users/dhrubpathak/Downloads/expense-tracker/app/api/ai-parse"
2025-08-20T13:16:58.053532Z  INFO scan_sources: tailwindcss_oxide::scanner: Discovering "/Users/dhrubpathak/Downloads/expense-tracker/app/api/ai-parse/route.js"
2025-08-20T13:16:58.053576Z  INFO scan_sources: tailwindcss_oxide::scanner: Discovering "/Users/dhrubpathak/Downloads/expense-tracker/app/api/ai-parse/test"
2025-08-20T13:16:58.053624Z  INFO scan_sources: tailwindcss_oxide::scanner: Discovering "/Users/dhrubpathak/Downloads/expense-tracker/app/api/ai-parse/test/route.js"
2025-08-20T13:16:58.053668Z  INFO scan_sources: tailwindcss_oxide::scanner: Discovering "/Users/dhrubpathak/Downloads/expense-tracker/app/api/categories"
2025-08-20T13:16:58.053738Z  INFO scan_sources: tailwindcss_oxide::scanner: Discovering "/Users/dhrubpathak/Downloads/expense-tracker/app/api/stripe"
2025-08-20T13:16:58.053804Z  INFO scan_sources: tailwindcss_oxide::scanner: Discovering "/Users/dhrubpathak/Downloads/expense-tracker/app/api/stripe/webhook"
2025-08-20T13:16:58.053854Z  INFO scan_sources: tailwindcss_oxide::scanner: Discovering "/Users/dhrubpathak/Downloads/expense-tracker/app/api/stripe/webhook/route.js"
2025-08-20T13:16:58.053897Z  INFO scan_sources: tailwindcss_oxide::scanner: Discovering "/Users/dhrubpathak/Downloads/expense-tracker/app/api/stripe/create-checkout-session"
2025-08-20T13:16:58.053937Z  INFO scan_sources: tailwindcss_oxide::scanner: Discovering "/Users/dhrubpathak/Downloads/expense-tracker/app/api/stripe/create-checkout-session/route.js"
2025-08-20T13:16:58.053985Z  INFO scan_sources: tailwindcss_oxide::scanner: Discovering "/Users/dhrubpathak/Downloads/expense-tracker/app/api/stripe/test-webhook"
2025-08-20T13:16:58.054035Z  INFO scan_sources: tailwindcss_oxide::scanner: Discovering "/Users/dhrubpathak/Downloads/expense-tracker/app/api/stripe/test-webhook/route.js"
2025-08-20T13:16:58.054083Z  INFO scan_sources: tailwindcss_oxide::scanner: Discovering "/Users/dhrubpathak/Downloads/expense-tracker/app/api/stripe/create-portal-session"
2025-08-20T13:16:58.054125Z  INFO scan_sources: tailwindcss_oxide::scanner: Discovering "/Users/dhrubpathak/Downloads/expense-tracker/app/api/stripe/create-portal-session/route.js"
2025-08-20T13:16:58.054165Z  INFO scan_sources: tailwindcss_oxide::scanner: Discovering "/Users/dhrubpathak/Downloads/expense-tracker/app/api/stripe/test-config"
2025-08-20T13:16:58.054211Z  INFO scan_sources: tailwindcss_oxide::scanner: Discovering "/Users/dhrubpathak/Downloads/expense-tracker/app/api/stripe/test-config/route.js"
2025-08-20T13:16:58.054270Z  INFO scan_sources: tailwindcss_oxide::scanner: Discovering "/Users/dhrubpathak/Downloads/expense-tracker/app/api/stripe/cancel-subscription"
2025-08-20T13:16:58.054310Z  INFO scan_sources: tailwindcss_oxide::scanner: Discovering "/Users/dhrubpathak/Downloads/expense-tracker/app/api/stripe/cancel-subscription/route.js"
2025-08-20T13:16:58.054357Z  INFO scan_sources: tailwindcss_oxide::scanner: Discovering "/Users/dhrubpathak/Downloads/expense-tracker/app/(auth)"
2025-08-20T13:16:58.054420Z  INFO scan_sources: tailwindcss_oxide::scanner: Discovering "/Users/dhrubpathak/Downloads/expense-tracker/app/(auth)/sign-up"
2025-08-20T13:16:58.054561Z  INFO scan_sources: tailwindcss_oxide::scanner: Discovering "/Users/dhrubpathak/Downloads/expense-tracker/app/(auth)/sign-up/[[...sign-up]]"
2025-08-20T13:16:58.054619Z  INFO scan_sources: tailwindcss_oxide::scanner: Discovering "/Users/dhrubpathak/Downloads/expense-tracker/app/(auth)/sign-up/[[...sign-up]]/page.jsx"
2025-08-20T13:16:58.054674Z  INFO scan_sources: tailwindcss_oxide::scanner: Discovering "/Users/dhrubpathak/Downloads/expense-tracker/app/(auth)/sign-in"
2025-08-20T13:16:58.054732Z  INFO scan_sources: tailwindcss_oxide::scanner: Discovering "/Users/dhrubpathak/Downloads/expense-tracker/app/(auth)/sign-in/[[...sign-in]]"
2025-08-20T13:16:58.054772Z  INFO scan_sources: tailwindcss_oxide::scanner: Discovering "/Users/dhrubpathak/Downloads/expense-tracker/app/(auth)/sign-in/[[...sign-in]]/page.jsx"
2025-08-20T13:16:58.054806Z  INFO scan_sources: tailwindcss_oxide::scanner: Discovering "/Users/dhrubpathak/Downloads/expense-tracker/app/globals.css"
2025-08-20T13:16:58.054852Z  INFO scan_sources: tailwindcss_oxide::scanner: Discovering "/Users/dhrubpathak/Downloads/expense-tracker/postcss.config.mjs"
2025-08-20T13:16:58.054875Z  INFO scan_sources: tailwindcss_oxide::scanner: Discovering "/Users/dhrubpathak/Downloads/expense-tracker/next.config.mjs"
2025-08-20T13:16:58.054996Z  INFO scan_sources: tailwindcss_oxide::scanner: Discovering "/Users/dhrubpathak/Downloads/expense-tracker/utils"
2025-08-20T13:16:58.055050Z  INFO scan_sources: tailwindcss_oxide::scanner: Discovering "/Users/dhrubpathak/Downloads/expense-tracker/utils/dbConfig.js"
2025-08-20T13:16:58.055073Z  INFO scan_sources: tailwindcss_oxide::scanner: Discovering "/Users/dhrubpathak/Downloads/expense-tracker/utils/schema.js"
2025-08-20T13:16:58.055100Z  INFO scan_sources: tailwindcss_oxide::scanner: Discovering "/Users/dhrubpathak/Downloads/expense-tracker/drizzle.config.js"
2025-08-20T13:16:58.055176Z  INFO scan_sources: tailwindcss_oxide::scanner: Discovering "/Users/dhrubpathak/Downloads/expense-tracker/README.md"
2025-08-20T13:16:58.055220Z  INFO scan_sources: tailwindcss_oxide::scanner: Discovering "/Users/dhrubpathak/Downloads/expense-tracker/components"
2025-08-20T13:16:58.055292Z  INFO scan_sources: tailwindcss_oxide::scanner: Discovering "/Users/dhrubpathak/Downloads/expense-tracker/components/ui"
2025-08-20T13:16:58.055340Z  INFO scan_sources: tailwindcss_oxide::scanner: Discovering "/Users/dhrubpathak/Downloads/expense-tracker/components/ui/dialog.jsx"
2025-08-20T13:16:58.055363Z  INFO scan_sources: tailwindcss_oxide::scanner: Discovering "/Users/dhrubpathak/Downloads/expense-tracker/components/ui/input.jsx"
2025-08-20T13:16:58.055383Z  INFO scan_sources: tailwindcss_oxide::scanner: Discovering "/Users/dhrubpathak/Downloads/expense-tracker/components/ui/dropdown-menu.jsx"
2025-08-20T13:16:58.055404Z  INFO scan_sources: tailwindcss_oxide::scanner: Discovering "/Users/dhrubpathak/Downloads/expense-tracker/components/ui/button.jsx"
2025-08-20T13:16:58.055425Z  INFO scan_sources: tailwindcss_oxide::scanner: Discovering "/Users/dhrubpathak/Downloads/expense-tracker/components/ui/alert-dialog.jsx"
2025-08-20T13:16:58.055444Z  INFO scan_sources: tailwindcss_oxide::scanner: Discovering "/Users/dhrubpathak/Downloads/expense-tracker/components/ui/Progressbar.jsx"
2025-08-20T13:16:58.055463Z  INFO scan_sources: tailwindcss_oxide::scanner: Discovering "/Users/dhrubpathak/Downloads/expense-tracker/components/ui/sonner.jsx"
2025-08-20T13:16:58.055481Z  INFO scan_sources: tailwindcss_oxide::scanner: Discovering "/Users/dhrubpathak/Downloads/expense-tracker/components/ui/ai-input.jsx"
2025-08-20T13:16:58.055501Z  INFO scan_sources: tailwindcss_oxide::scanner: Discovering "/Users/dhrubpathak/Downloads/expense-tracker/components/ui/loading-skeleton.jsx"
2025-08-20T13:16:58.055556Z  INFO scan_sources: tailwindcss_oxide::scanner: Discovering "/Users/dhrubpathak/Downloads/expense-tracker/public"
2025-08-20T13:16:58.055613Z  INFO scan_sources: tailwindcss_oxide::scanner: Discovering "/Users/dhrubpathak/Downloads/expense-tracker/public/file.svg"
2025-08-20T13:16:58.055656Z  INFO scan_sources: tailwindcss_oxide::scanner: Discovering "/Users/dhrubpathak/Downloads/expense-tracker/public/vercel.svg"
2025-08-20T13:16:58.055678Z  INFO scan_sources: tailwindcss_oxide::scanner: Discovering "/Users/dhrubpathak/Downloads/expense-tracker/public/next.svg"
2025-08-20T13:16:58.055699Z  INFO scan_sources: tailwindcss_oxide::scanner: Discovering "/Users/dhrubpathak/Downloads/expense-tracker/public/globe.svg"
2025-08-20T13:16:58.055717Z  INFO scan_sources: tailwindcss_oxide::scanner: Discovering "/Users/dhrubpathak/Downloads/expense-tracker/public/window.svg"
2025-08-20T13:16:58.055736Z  INFO scan_sources: tailwindcss_oxide::scanner: Discovering "/Users/dhrubpathak/Downloads/expense-tracker/public/logo.svg"
2025-08-20T13:16:58.055779Z  INFO scan_sources: tailwindcss_oxide::scanner: Discovering "/Users/dhrubpathak/Downloads/expense-tracker/package.json"
2025-08-20T13:16:58.055801Z  INFO scan_sources: tailwindcss_oxide::scanner: Discovering "/Users/dhrubpathak/Downloads/expense-tracker/prepros.config"
2025-08-20T13:16:58.055839Z  INFO scan_sources: tailwindcss_oxide::scanner: Discovering "/Users/dhrubpathak/Downloads/expense-tracker/scripts"
2025-08-20T13:16:58.055882Z  INFO scan_sources: tailwindcss_oxide::scanner: Discovering "/Users/dhrubpathak/Downloads/expense-tracker/scripts/test-stripe-config.js"
2025-08-20T13:16:58.055924Z  INFO scan_sources: tailwindcss_oxide::scanner: Discovering "/Users/dhrubpathak/Downloads/expense-tracker/lib"
2025-08-20T13:16:58.055966Z  INFO scan_sources: tailwindcss_oxide::scanner: Discovering "/Users/dhrubpathak/Downloads/expense-tracker/lib/db.js"
2025-08-20T13:16:58.055987Z  INFO scan_sources: tailwindcss_oxide::scanner: Discovering "/Users/dhrubpathak/Downloads/expense-tracker/lib/utils.js"
2025-08-20T13:16:58.056010Z  INFO scan_sources: tailwindcss_oxide::scanner: Discovering "/Users/dhrubpathak/Downloads/expense-tracker/components.json"
2025-08-20T13:16:58.056075Z  INFO scan_sources: tailwindcss_oxide::scanner: Discovering "/Users/dhrubpathak/Downloads/expense-tracker/stripe-testing-setup.md"
2025-08-20T13:16:58.056113Z  INFO scan_sources: tailwindcss_oxide::scanner: Discovering "/Users/dhrubpathak/Downloads/expense-tracker/drizzle"
2025-08-20T13:16:58.056167Z  INFO scan_sources: tailwindcss_oxide::scanner: Discovering "/Users/dhrubpathak/Downloads/expense-tracker/drizzle/0000_loving_young_avengers.sql"
2025-08-20T13:16:58.056209Z  INFO scan_sources: tailwindcss_oxide::scanner: Discovering "/Users/dhrubpathak/Downloads/expense-tracker/drizzle/meta"
2025-08-20T13:16:58.056258Z  INFO scan_sources: tailwindcss_oxide::scanner: Discovering "/Users/dhrubpathak/Downloads/expense-tracker/drizzle/meta/0000_snapshot.json"
2025-08-20T13:16:58.056280Z  INFO scan_sources: tailwindcss_oxide::scanner: Discovering "/Users/dhrubpathak/Downloads/expense-tracker/drizzle/meta/_journal.json"
2025-08-20T13:16:58.056300Z  INFO scan_sources: tailwindcss_oxide::scanner: Discovering "/Users/dhrubpathak/Downloads/expense-tracker/drizzle/meta/0001_snapshot.json"
2025-08-20T13:16:58.056324Z  INFO scan_sources: tailwindcss_oxide::scanner: Discovering "/Users/dhrubpathak/Downloads/expense-tracker/drizzle/0001_regular_warlock.sql"
2025-08-20T13:16:58.056416Z  INFO scan_sources: tailwindcss_oxide::scanner: exit
2025-08-20T13:16:58.056429Z  INFO extract_candidates: tailwindcss_oxide::scanner: enter
2025-08-20T13:16:58.056440Z  INFO extract_candidates:read_all_files: tailwindcss_oxide::scanner: enter
2025-08-20T13:16:58.056446Z  INFO extract_candidates:read_all_files: tailwindcss_oxide::scanner: Reading 88 file(s)
2025-08-20T13:16:58.057603Z  INFO tailwindcss_oxide::scanner: Reading "/Users/dhrubpathak/Downloads/expense-tracker/postcss.config.mjs"
2025-08-20T13:16:58.057607Z  INFO tailwindcss_oxide::scanner: Reading "/Users/dhrubpathak/Downloads/expense-tracker/middleware.ts"
2025-08-20T13:16:58.057845Z  INFO tailwindcss_oxide::scanner: Reading "/Users/dhrubpathak/Downloads/expense-tracker/app/(routes)/dashboard/stripe-test/page.jsx"
2025-08-20T13:16:58.057859Z  INFO tailwindcss_oxide::scanner: Reading "/Users/dhrubpathak/Downloads/expense-tracker/public/vercel.svg"
2025-08-20T13:16:58.057935Z  INFO tailwindcss_oxide::scanner: Reading "/Users/dhrubpathak/Downloads/expense-tracker/app/(routes)/dashboard/expenses/[id]/page.jsx"
2025-08-20T13:16:58.057858Z  INFO tailwindcss_oxide::scanner: Reading "/Users/dhrubpathak/Downloads/expense-tracker/app/api/stripe/test-webhook/route.js"
2025-08-20T13:16:58.057879Z  INFO tailwindcss_oxide::scanner: Reading "/Users/dhrubpathak/Downloads/expense-tracker/app/(routes)/dashboard/_components/DashboardClient.jsx"
2025-08-20T13:16:58.057934Z  INFO tailwindcss_oxide::scanner: Reading "/Users/dhrubpathak/Downloads/expense-tracker/next.config.mjs"
2025-08-20T13:16:58.058017Z  INFO tailwindcss_oxide::scanner: Reading "/Users/dhrubpathak/Downloads/expense-tracker/jsconfig.json"
2025-08-20T13:16:58.057943Z  INFO tailwindcss_oxide::scanner: Reading "/Users/dhrubpathak/Downloads/expense-tracker/app/api/ai-parse/test/route.js"
2025-08-20T13:16:58.057861Z  INFO tailwindcss_oxide::scanner: Reading "/Users/dhrubpathak/Downloads/expense-tracker/app/api/export/budgets/route.js"
2025-08-20T13:16:58.058022Z  INFO tailwindcss_oxide::scanner: Reading "/Users/dhrubpathak/Downloads/expense-tracker/components/ui/Progressbar.jsx"
2025-08-20T13:16:58.058069Z  INFO tailwindcss_oxide::scanner: Reading "/Users/dhrubpathak/Downloads/expense-tracker/app/(routes)/dashboard/expenses/_components/EditBudget.jsx"
2025-08-20T13:16:58.058142Z  INFO tailwindcss_oxide::scanner: Reading "/Users/dhrubpathak/Downloads/expense-tracker/prepros.config"
2025-08-20T13:16:58.058202Z  INFO tailwindcss_oxide::scanner: Reading "/Users/dhrubpathak/Downloads/expense-tracker/app/api/stripe/create-portal-session/route.js"
2025-08-20T13:16:58.058203Z  INFO tailwindcss_oxide::scanner: Reading "/Users/dhrubpathak/Downloads/expense-tracker/public/next.svg"
2025-08-20T13:16:58.058212Z  INFO tailwindcss_oxide::scanner: Reading "/Users/dhrubpathak/Downloads/expense-tracker/app/api/stripe/webhook/route.js"
2025-08-20T13:16:58.058259Z  INFO tailwindcss_oxide::scanner: Reading "/Users/dhrubpathak/Downloads/expense-tracker/utils/dbConfig.js"
2025-08-20T13:16:58.058339Z  INFO tailwindcss_oxide::scanner: Reading "/Users/dhrubpathak/Downloads/expense-tracker/app/api/ai-parse/route.js"
2025-08-20T13:16:58.058349Z  INFO tailwindcss_oxide::scanner: Reading "/Users/dhrubpathak/Downloads/expense-tracker/app/(routes)/dashboard/expenses/_components/ExpenseListTable.jsx"
2025-08-20T13:16:58.058351Z  INFO tailwindcss_oxide::scanner: Reading "/Users/dhrubpathak/Downloads/expense-tracker/scripts/test-stripe-config.js"
2025-08-20T13:16:58.058404Z  INFO tailwindcss_oxide::scanner: Reading "/Users/dhrubpathak/Downloads/expense-tracker/app/(routes)/dashboard/_components/BarChartDashboard.jsx"
2025-08-20T13:16:58.058425Z  INFO tailwindcss_oxide::scanner: Reading "/Users/dhrubpathak/Downloads/expense-tracker/public/globe.svg"
2025-08-20T13:16:58.058435Z  INFO tailwindcss_oxide::scanner: Reading "/Users/dhrubpathak/Downloads/expense-tracker/tailwind.config.js"
2025-08-20T13:16:58.058409Z  INFO tailwindcss_oxide::scanner: Reading "/Users/dhrubpathak/Downloads/expense-tracker/app/api/stripe/test-config/route.js"
2025-08-20T13:16:58.058494Z  INFO tailwindcss_oxide::scanner: Reading "/Users/dhrubpathak/Downloads/expense-tracker/app/api/stripe/create-checkout-session/route.js"
2025-08-20T13:16:58.058346Z  INFO tailwindcss_oxide::scanner: Reading "/Users/dhrubpathak/Downloads/expense-tracker/app/(routes)/dashboard/page.jsx"
2025-08-20T13:16:58.058533Z  INFO tailwindcss_oxide::scanner: Reading "/Users/dhrubpathak/Downloads/expense-tracker/public/window.svg"
2025-08-20T13:16:58.058519Z  INFO tailwindcss_oxide::scanner: Reading "/Users/dhrubpathak/Downloads/expense-tracker/components/ui/sonner.jsx"
2025-08-20T13:16:58.058667Z  INFO tailwindcss_oxide::scanner: Reading "/Users/dhrubpathak/Downloads/expense-tracker/app/(routes)/dashboard/_components/DashboardHeader.jsx"
2025-08-20T13:16:58.058541Z  INFO tailwindcss_oxide::scanner: Reading "/Users/dhrubpathak/Downloads/expense-tracker/utils/schema.js"
2025-08-20T13:16:58.058578Z  INFO tailwindcss_oxide::scanner: Reading "/Users/dhrubpathak/Downloads/expense-tracker/app/(routes)/dashboard/_components/CardInfo.jsx"
2025-08-20T13:16:58.058790Z  INFO tailwindcss_oxide::scanner: Reading "/Users/dhrubpathak/Downloads/expense-tracker/app/api/stripe/cancel-subscription/route.js"
2025-08-20T13:16:58.058676Z  INFO tailwindcss_oxide::scanner: Reading "/Users/dhrubpathak/Downloads/expense-tracker/lib/db.js"
2025-08-20T13:16:58.058874Z  INFO tailwindcss_oxide::scanner: Reading "/Users/dhrubpathak/Downloads/expense-tracker/app/(routes)/dashboard/manage-expenses/page.jsx"
2025-08-20T13:16:58.058793Z  INFO tailwindcss_oxide::scanner: Reading "/Users/dhrubpathak/Downloads/expense-tracker/app/(auth)/sign-up/[[...sign-up]]/page.jsx"
2025-08-20T13:16:58.058687Z  INFO tailwindcss_oxide::scanner: Reading "/Users/dhrubpathak/Downloads/expense-tracker/context/BugetContext.jsx"
2025-08-20T13:16:58.059007Z  INFO tailwindcss_oxide::scanner: Reading "/Users/dhrubpathak/Downloads/expense-tracker/components/ui/ai-input.jsx"
2025-08-20T13:16:58.058878Z  INFO tailwindcss_oxide::scanner: Reading "/Users/dhrubpathak/Downloads/expense-tracker/app/(routes)/dashboard/_components/Footer.jsx"
2025-08-20T13:16:58.058718Z  INFO tailwindcss_oxide::scanner: Reading "/Users/dhrubpathak/Downloads/expense-tracker/context/NotificationContext.jsx"
2025-08-20T13:16:58.059057Z  INFO tailwindcss_oxide::scanner: Reading "/Users/dhrubpathak/Downloads/expense-tracker/components/ui/loading-skeleton.jsx"
2025-08-20T13:16:58.059196Z  INFO tailwindcss_oxide::scanner: Reading "/Users/dhrubpathak/Downloads/expense-tracker/app/(routes)/dashboard/layout.jsx"
2025-08-20T13:16:58.059029Z  INFO tailwindcss_oxide::scanner: Reading "/Users/dhrubpathak/Downloads/expense-tracker/public/logo.svg"
2025-08-20T13:16:58.059282Z  INFO tailwindcss_oxide::scanner: Reading "/Users/dhrubpathak/Downloads/expense-tracker/drizzle.config.js"
2025-08-20T13:16:58.059314Z  INFO tailwindcss_oxide::scanner: Reading "/Users/dhrubpathak/Downloads/expense-tracker/app/(routes)/dashboard/_components/PieChartDashboard.jsx"
2025-08-20T13:16:58.059069Z  INFO tailwindcss_oxide::scanner: Reading "/Users/dhrubpathak/Downloads/expense-tracker/lib/utils.js"
2025-08-20T13:16:58.059481Z  INFO tailwindcss_oxide::scanner: Reading "/Users/dhrubpathak/Downloads/expense-tracker/app/(auth)/sign-in/[[...sign-in]]/page.jsx"
2025-08-20T13:16:58.059554Z  INFO tailwindcss_oxide::scanner: Reading "/Users/dhrubpathak/Downloads/expense-tracker/public/file.svg"
2025-08-20T13:16:58.059571Z  INFO tailwindcss_oxide::scanner: Reading "/Users/dhrubpathak/Downloads/expense-tracker/app/(routes)/dashboard/settings/page.jsx"
2025-08-20T13:16:58.059442Z  INFO tailwindcss_oxide::scanner: Reading "/Users/dhrubpathak/Downloads/expense-tracker/context/SubscriptionContext.jsx"
2025-08-20T13:16:58.059615Z  INFO tailwindcss_oxide::scanner: Reading "/Users/dhrubpathak/Downloads/expense-tracker/app/(routes)/dashboard/_components/FeatureCard.jsx"
2025-08-20T13:16:58.059282Z  INFO tailwindcss_oxide::scanner: Reading "/Users/dhrubpathak/Downloads/expense-tracker/stripe-testing-setup.md"
2025-08-20T13:16:58.059663Z  INFO tailwindcss_oxide::scanner: Reading "/Users/dhrubpathak/Downloads/expense-tracker/app/(routes)/dashboard/_components/NavBar.jsx"
2025-08-20T13:16:58.059629Z  INFO tailwindcss_oxide::scanner: Reading "/Users/dhrubpathak/Downloads/expense-tracker/app/(routes)/dashboard/upgrade/page.jsx"
2025-08-20T13:16:58.059601Z  INFO tailwindcss_oxide::scanner: Reading "/Users/dhrubpathak/Downloads/expense-tracker/package.json"
2025-08-20T13:16:58.059493Z  INFO tailwindcss_oxide::scanner: Reading "/Users/dhrubpathak/Downloads/expense-tracker/README.md"
2025-08-20T13:16:58.059647Z  INFO tailwindcss_oxide::scanner: Reading "/Users/dhrubpathak/Downloads/expense-tracker/app/(routes)/dashboard/expense/page.jsx"
2025-08-20T13:16:58.059818Z  INFO tailwindcss_oxide::scanner: Reading "/Users/dhrubpathak/Downloads/expense-tracker/app/page.js"
2025-08-20T13:16:58.059893Z  INFO tailwindcss_oxide::scanner: Reading "/Users/dhrubpathak/Downloads/expense-tracker/app/api/expenses/route.js"
2025-08-20T13:16:58.059896Z  INFO tailwindcss_oxide::scanner: Reading "/Users/dhrubpathak/Downloads/expense-tracker/drizzle/0000_loving_young_avengers.sql"
2025-08-20T13:16:58.060074Z  INFO tailwindcss_oxide::scanner: Reading "/Users/dhrubpathak/Downloads/expense-tracker/components/ui/dialog.jsx"
2025-08-20T13:16:58.059896Z  INFO tailwindcss_oxide::scanner: Reading "/Users/dhrubpathak/Downloads/expense-tracker/app/(routes)/dashboard/budgets/_components/CreateBudget.jsx"
2025-08-20T13:16:58.060115Z  INFO tailwindcss_oxide::scanner: Reading "/Users/dhrubpathak/Downloads/expense-tracker/drizzle/meta/_journal.json"
2025-08-20T13:16:58.059985Z  INFO tailwindcss_oxide::scanner: Reading "/Users/dhrubpathak/Downloads/expense-tracker/components.json"
2025-08-20T13:16:58.059845Z  INFO tailwindcss_oxide::scanner: Reading "/Users/dhrubpathak/Downloads/expense-tracker/app/(routes)/dashboard/budgets/page.jsx"
2025-08-20T13:16:58.060094Z  INFO tailwindcss_oxide::scanner: Reading "/Users/dhrubpathak/Downloads/expense-tracker/app/(routes)/dashboard/_components/EmailLink.jsx"
2025-08-20T13:16:58.060397Z  INFO tailwindcss_oxide::scanner: Reading "/Users/dhrubpathak/Downloads/expense-tracker/drizzle/meta/0001_snapshot.json"
2025-08-20T13:16:58.060409Z  INFO tailwindcss_oxide::scanner: Reading "/Users/dhrubpathak/Downloads/expense-tracker/app/api/expenses/[id]/route.js"
2025-08-20T13:16:58.060246Z  INFO tailwindcss_oxide::scanner: Reading "/Users/dhrubpathak/Downloads/expense-tracker/drizzle/meta/0000_snapshot.json"
2025-08-20T13:16:58.060555Z  INFO tailwindcss_oxide::scanner: Reading "/Users/dhrubpathak/Downloads/expense-tracker/components/ui/button.jsx"
2025-08-20T13:16:58.060573Z  INFO tailwindcss_oxide::scanner: Reading "/Users/dhrubpathak/Downloads/expense-tracker/app/(routes)/dashboard/budgets/_components/BudgetList.jsx"
2025-08-20T13:16:58.060587Z  INFO tailwindcss_oxide::scanner: Reading "/Users/dhrubpathak/Downloads/expense-tracker/components/ui/input.jsx"
2025-08-20T13:16:58.060548Z  INFO tailwindcss_oxide::scanner: Reading "/Users/dhrubpathak/Downloads/expense-tracker/app/Provider.jsx"
2025-08-20T13:16:58.060077Z  INFO tailwindcss_oxide::scanner: Reading "/Users/dhrubpathak/Downloads/expense-tracker/app/(routes)/dashboard/expenses/_components/AddExpense.jsx"
2025-08-20T13:16:58.060539Z  INFO tailwindcss_oxide::scanner: Reading "/Users/dhrubpathak/Downloads/expense-tracker/app/api/budgets/route.js"
2025-08-20T13:16:58.060373Z  INFO tailwindcss_oxide::scanner: Reading "/Users/dhrubpathak/Downloads/expense-tracker/components/ui/dropdown-menu.jsx"
2025-08-20T13:16:58.060713Z  INFO tailwindcss_oxide::scanner: Reading "/Users/dhrubpathak/Downloads/expense-tracker/app/api/health/route.js"
2025-08-20T13:16:58.060736Z  INFO tailwindcss_oxide::scanner: Reading "/Users/dhrubpathak/Downloads/expense-tracker/app/(routes)/dashboard/budgets/_components/BudgetItem.jsx"
2025-08-20T13:16:58.060711Z  INFO tailwindcss_oxide::scanner: Reading "/Users/dhrubpathak/Downloads/expense-tracker/drizzle/0001_regular_warlock.sql"
2025-08-20T13:16:58.060803Z  INFO tailwindcss_oxide::scanner: Reading "/Users/dhrubpathak/Downloads/expense-tracker/app/_componets/Header.jsx"
2025-08-20T13:16:58.060813Z  INFO tailwindcss_oxide::scanner: Reading "/Users/dhrubpathak/Downloads/expense-tracker/app/api/budgets/[id]/route.js"
2025-08-20T13:16:58.060863Z  INFO tailwindcss_oxide::scanner: Reading "/Users/dhrubpathak/Downloads/expense-tracker/app/layout.js"
2025-08-20T13:16:58.060877Z  INFO tailwindcss_oxide::scanner: Reading "/Users/dhrubpathak/Downloads/expense-tracker/app/_componets/Hero.jsx"
2025-08-20T13:16:58.060892Z  INFO tailwindcss_oxide::scanner: Reading "/Users/dhrubpathak/Downloads/expense-tracker/app/api/export/expenses/route.js"
2025-08-20T13:16:58.060983Z  INFO tailwindcss_oxide::scanner: Reading "/Users/dhrubpathak/Downloads/expense-tracker/app/(routes)/dashboard/budgets/_components/EditBudget.jsx"
2025-08-20T13:16:58.061109Z  INFO tailwindcss_oxide::scanner: Reading "/Users/dhrubpathak/Downloads/expense-tracker/app/(routes)/dashboard/DashboardClientWrapper.jsx"
2025-08-20T13:16:58.061004Z  INFO tailwindcss_oxide::scanner: Reading "/Users/dhrubpathak/Downloads/expense-tracker/components/ui/alert-dialog.jsx"
2025-08-20T13:16:58.060993Z  INFO tailwindcss_oxide::scanner: Reading "/Users/dhrubpathak/Downloads/expense-tracker/app/api/clear-data/route.js"
2025-08-20T13:16:58.061275Z  INFO extract_candidates:read_all_files: tailwindcss_oxide::scanner: exit
2025-08-20T13:16:58.061295Z  INFO extract_candidates:parse_all_blobs: tailwindcss_oxide::scanner: enter
2025-08-20T13:16:58.061302Z  INFO extract_candidates:parse_all_blobs:extract: tailwindcss_oxide::scanner: enter
2025-08-20T13:16:58.065866Z  INFO extract_candidates:parse_all_blobs:extract: tailwindcss_oxide::scanner: exit
2025-08-20T13:16:58.065933Z  INFO extract_candidates:parse_all_blobs: tailwindcss_oxide::scanner: exit
2025-08-20T13:16:58.065955Z  INFO extract_candidates:read_all_files: tailwindcss_oxide::scanner: enter
2025-08-20T13:16:58.065963Z  INFO extract_candidates:read_all_files: tailwindcss_oxide::scanner: Reading 1 file(s)
2025-08-20T13:16:58.066033Z  INFO extract_candidates:read_all_files: tailwindcss_oxide::scanner: Reading "/Users/dhrubpathak/Downloads/expense-tracker/app/globals.css"
2025-08-20T13:16:58.066047Z  INFO extract_candidates:read_all_files: tailwindcss_oxide::scanner: exit
2025-08-20T13:16:58.066054Z  INFO extract_candidates:extract_css_variables: tailwindcss_oxide::scanner: enter
2025-08-20T13:16:58.066060Z  INFO extract_candidates:extract_css_variables:extract: tailwindcss_oxide::scanner: enter
2025-08-20T13:16:58.066433Z  INFO extract_candidates:extract_css_variables:extract: tailwindcss_oxide::scanner: exit
2025-08-20T13:16:58.066453Z  INFO extract_candidates:extract_css_variables: tailwindcss_oxide::scanner: exit
2025-08-20T13:16:58.067774Z  INFO extract_candidates: tailwindcss_oxide::scanner: exit
2025-08-20T13:16:58.069222Z  INFO get_files: tailwindcss_oxide::scanner: enter
2025-08-20T13:16:58.069248Z  INFO get_files:scan_sources: tailwindcss_oxide::scanner: enter
2025-08-20T13:16:58.070008Z  INFO get_files:scan_sources: tailwindcss_oxide::scanner: Discovering "/Users/dhrubpathak/Downloads/expense-tracker/context"
2025-08-20T13:16:58.070135Z  INFO get_files:scan_sources: tailwindcss_oxide::scanner: Discovering "/Users/dhrubpathak/Downloads/expense-tracker/app"
2025-08-20T13:16:58.070204Z  INFO get_files:scan_sources: tailwindcss_oxide::scanner: Discovering "/Users/dhrubpathak/Downloads/expense-tracker/app/(routes)"
2025-08-20T13:16:58.070268Z  INFO get_files:scan_sources: tailwindcss_oxide::scanner: Discovering "/Users/dhrubpathak/Downloads/expense-tracker/app/(routes)/dashboard"
2025-08-20T13:16:58.070336Z  INFO get_files:scan_sources: tailwindcss_oxide::scanner: Discovering "/Users/dhrubpathak/Downloads/expense-tracker/app/(routes)/dashboard/settings"
2025-08-20T13:16:58.070412Z  INFO get_files:scan_sources: tailwindcss_oxide::scanner: Discovering "/Users/dhrubpathak/Downloads/expense-tracker/app/(routes)/dashboard/expense"
2025-08-20T13:16:58.070493Z  INFO get_files:scan_sources: tailwindcss_oxide::scanner: Discovering "/Users/dhrubpathak/Downloads/expense-tracker/app/(routes)/dashboard/upgrade"
2025-08-20T13:16:58.070565Z  INFO get_files:scan_sources: tailwindcss_oxide::scanner: Discovering "/Users/dhrubpathak/Downloads/expense-tracker/app/(routes)/dashboard/expenses"
2025-08-20T13:16:58.070627Z  INFO get_files:scan_sources: tailwindcss_oxide::scanner: Discovering "/Users/dhrubpathak/Downloads/expense-tracker/app/(routes)/dashboard/expenses/_components"
2025-08-20T13:16:58.070718Z  INFO get_files:scan_sources: tailwindcss_oxide::scanner: Discovering "/Users/dhrubpathak/Downloads/expense-tracker/app/(routes)/dashboard/expenses/[id]"
2025-08-20T13:16:58.070802Z  INFO get_files:scan_sources: tailwindcss_oxide::scanner: Discovering "/Users/dhrubpathak/Downloads/expense-tracker/app/(routes)/dashboard/manage-expenses"
2025-08-20T13:16:58.070888Z  INFO get_files:scan_sources: tailwindcss_oxide::scanner: Discovering "/Users/dhrubpathak/Downloads/expense-tracker/app/(routes)/dashboard/stripe-test"
2025-08-20T13:16:58.070957Z  INFO get_files:scan_sources: tailwindcss_oxide::scanner: Discovering "/Users/dhrubpathak/Downloads/expense-tracker/app/(routes)/dashboard/_components"
2025-08-20T13:16:58.071104Z  INFO get_files:scan_sources: tailwindcss_oxide::scanner: Discovering "/Users/dhrubpathak/Downloads/expense-tracker/app/(routes)/dashboard/budgets"
2025-08-20T13:16:58.071198Z  INFO get_files:scan_sources: tailwindcss_oxide::scanner: Discovering "/Users/dhrubpathak/Downloads/expense-tracker/app/(routes)/dashboard/budgets/_components"
2025-08-20T13:16:58.071334Z  INFO get_files:scan_sources: tailwindcss_oxide::scanner: Discovering "/Users/dhrubpathak/Downloads/expense-tracker/app/(routes)/dashboard/categories"
2025-08-20T13:16:58.071447Z  INFO get_files:scan_sources: tailwindcss_oxide::scanner: Discovering "/Users/dhrubpathak/Downloads/expense-tracker/app/_componets"
2025-08-20T13:16:58.071538Z  INFO get_files:scan_sources: tailwindcss_oxide::scanner: Discovering "/Users/dhrubpathak/Downloads/expense-tracker/app/api"
2025-08-20T13:16:58.071745Z  INFO get_files:scan_sources: tailwindcss_oxide::scanner: Discovering "/Users/dhrubpathak/Downloads/expense-tracker/app/api/settings"
2025-08-20T13:16:58.071814Z  INFO get_files:scan_sources: tailwindcss_oxide::scanner: Discovering "/Users/dhrubpathak/Downloads/expense-tracker/app/api/settings/currency"
2025-08-20T13:16:58.071920Z  INFO get_files:scan_sources: tailwindcss_oxide::scanner: Discovering "/Users/dhrubpathak/Downloads/expense-tracker/app/api/clear-data"
2025-08-20T13:16:58.072010Z  INFO get_files:scan_sources: tailwindcss_oxide::scanner: Discovering "/Users/dhrubpathak/Downloads/expense-tracker/app/api/test"
2025-08-20T13:16:58.072074Z  INFO get_files:scan_sources: tailwindcss_oxide::scanner: Discovering "/Users/dhrubpathak/Downloads/expense-tracker/app/api/expenses"
2025-08-20T13:16:58.072144Z  INFO get_files:scan_sources: tailwindcss_oxide::scanner: Discovering "/Users/dhrubpathak/Downloads/expense-tracker/app/api/expenses/[id]"
2025-08-20T13:16:58.072343Z  INFO get_files:scan_sources: tailwindcss_oxide::scanner: Discovering "/Users/dhrubpathak/Downloads/expense-tracker/app/api/health"
2025-08-20T13:16:58.072440Z  INFO get_files:scan_sources: tailwindcss_oxide::scanner: Discovering "/Users/dhrubpathak/Downloads/expense-tracker/app/api/budgets"
2025-08-20T13:16:58.072515Z  INFO get_files:scan_sources: tailwindcss_oxide::scanner: Discovering "/Users/dhrubpathak/Downloads/expense-tracker/app/api/budgets/[id]"
2025-08-20T13:16:58.072594Z  INFO get_files:scan_sources: tailwindcss_oxide::scanner: Discovering "/Users/dhrubpathak/Downloads/expense-tracker/app/api/export"
2025-08-20T13:16:58.072655Z  INFO get_files:scan_sources: tailwindcss_oxide::scanner: Discovering "/Users/dhrubpathak/Downloads/expense-tracker/app/api/export/expenses"
2025-08-20T13:16:58.072725Z  INFO get_files:scan_sources: tailwindcss_oxide::scanner: Discovering "/Users/dhrubpathak/Downloads/expense-tracker/app/api/export/budgets"
2025-08-20T13:16:58.072796Z  INFO get_files:scan_sources: tailwindcss_oxide::scanner: Discovering "/Users/dhrubpathak/Downloads/expense-tracker/app/api/ai-parse"
2025-08-20T13:16:58.072871Z  INFO get_files:scan_sources: tailwindcss_oxide::scanner: Discovering "/Users/dhrubpathak/Downloads/expense-tracker/app/api/ai-parse/test"
2025-08-20T13:16:58.072946Z  INFO get_files:scan_sources: tailwindcss_oxide::scanner: Discovering "/Users/dhrubpathak/Downloads/expense-tracker/app/api/categories"
2025-08-20T13:16:58.073006Z  INFO get_files:scan_sources: tailwindcss_oxide::scanner: Discovering "/Users/dhrubpathak/Downloads/expense-tracker/app/api/stripe"
2025-08-20T13:16:58.073090Z  INFO get_files:scan_sources: tailwindcss_oxide::scanner: Discovering "/Users/dhrubpathak/Downloads/expense-tracker/app/api/stripe/webhook"
2025-08-20T13:16:58.073199Z  INFO get_files:scan_sources: tailwindcss_oxide::scanner: Discovering "/Users/dhrubpathak/Downloads/expense-tracker/app/api/stripe/create-checkout-session"
2025-08-20T13:16:58.073383Z  INFO get_files:scan_sources: tailwindcss_oxide::scanner: Discovering "/Users/dhrubpathak/Downloads/expense-tracker/app/api/stripe/test-webhook"
2025-08-20T13:16:58.073649Z  INFO get_files:scan_sources: tailwindcss_oxide::scanner: Discovering "/Users/dhrubpathak/Downloads/expense-tracker/app/api/stripe/create-portal-session"
2025-08-20T13:16:58.073777Z  INFO get_files:scan_sources: tailwindcss_oxide::scanner: Discovering "/Users/dhrubpathak/Downloads/expense-tracker/app/api/stripe/test-config"
2025-08-20T13:16:58.073871Z  INFO get_files:scan_sources: tailwindcss_oxide::scanner: Discovering "/Users/dhrubpathak/Downloads/expense-tracker/app/api/stripe/cancel-subscription"
2025-08-20T13:16:58.074058Z  INFO get_files:scan_sources: tailwindcss_oxide::scanner: Discovering "/Users/dhrubpathak/Downloads/expense-tracker/app/(auth)"
2025-08-20T13:16:58.074139Z  INFO get_files:scan_sources: tailwindcss_oxide::scanner: Discovering "/Users/dhrubpathak/Downloads/expense-tracker/app/(auth)/sign-up"
2025-08-20T13:16:58.074208Z  INFO get_files:scan_sources: tailwindcss_oxide::scanner: Discovering "/Users/dhrubpathak/Downloads/expense-tracker/app/(auth)/sign-up/[[...sign-up]]"
2025-08-20T13:16:58.074497Z  INFO get_files:scan_sources: tailwindcss_oxide::scanner: Discovering "/Users/dhrubpathak/Downloads/expense-tracker/app/(auth)/sign-in"
2025-08-20T13:16:58.074581Z  INFO get_files:scan_sources: tailwindcss_oxide::scanner: Discovering "/Users/dhrubpathak/Downloads/expense-tracker/app/(auth)/sign-in/[[...sign-in]]"
2025-08-20T13:16:58.074770Z  INFO get_files:scan_sources: tailwindcss_oxide::scanner: Discovering "/Users/dhrubpathak/Downloads/expense-tracker/utils"
2025-08-20T13:16:58.074998Z  INFO get_files:scan_sources: tailwindcss_oxide::scanner: Discovering "/Users/dhrubpathak/Downloads/expense-tracker/components"
2025-08-20T13:16:58.075073Z  INFO get_files:scan_sources: tailwindcss_oxide::scanner: Discovering "/Users/dhrubpathak/Downloads/expense-tracker/components/ui"
2025-08-20T13:16:58.075314Z  INFO get_files:scan_sources: tailwindcss_oxide::scanner: Discovering "/Users/dhrubpathak/Downloads/expense-tracker/public"
2025-08-20T13:16:58.075658Z  INFO get_files:scan_sources: tailwindcss_oxide::scanner: Discovering "/Users/dhrubpathak/Downloads/expense-tracker/scripts"
2025-08-20T13:16:58.075761Z  INFO get_files:scan_sources: tailwindcss_oxide::scanner: Discovering "/Users/dhrubpathak/Downloads/expense-tracker/lib"
2025-08-20T13:16:58.076086Z  INFO get_files:scan_sources: tailwindcss_oxide::scanner: Discovering "/Users/dhrubpathak/Downloads/expense-tracker/drizzle"
2025-08-20T13:16:58.076328Z  INFO get_files:scan_sources: tailwindcss_oxide::scanner: Discovering "/Users/dhrubpathak/Downloads/expense-tracker/drizzle/meta"
2025-08-20T13:16:58.076506Z  INFO get_files:scan_sources: tailwindcss_oxide::scanner: exit
2025-08-20T13:16:58.076691Z  INFO get_files: tailwindcss_oxide::scanner: exit
2025-08-20T13:16:58.077482Z  INFO get_globs: tailwindcss_oxide::scanner: enter
2025-08-20T13:16:58.077538Z  INFO get_globs:scan_sources: tailwindcss_oxide::scanner: enter
2025-08-20T13:16:58.078533Z  INFO get_globs:scan_sources: tailwindcss_oxide::scanner: Discovering "/Users/dhrubpathak/Downloads/expense-tracker/context"
2025-08-20T13:16:58.078940Z  INFO get_globs:scan_sources: tailwindcss_oxide::scanner: Discovering "/Users/dhrubpathak/Downloads/expense-tracker/app"
2025-08-20T13:16:58.079026Z  INFO get_globs:scan_sources: tailwindcss_oxide::scanner: Discovering "/Users/dhrubpathak/Downloads/expense-tracker/app/(routes)"
2025-08-20T13:16:58.079096Z  INFO get_globs:scan_sources: tailwindcss_oxide::scanner: Discovering "/Users/dhrubpathak/Downloads/expense-tracker/app/(routes)/dashboard"
2025-08-20T13:16:58.079329Z  INFO get_globs:scan_sources: tailwindcss_oxide::scanner: Discovering "/Users/dhrubpathak/Downloads/expense-tracker/app/(routes)/dashboard/settings"
2025-08-20T13:16:58.079482Z  INFO get_globs:scan_sources: tailwindcss_oxide::scanner: Discovering "/Users/dhrubpathak/Downloads/expense-tracker/app/(routes)/dashboard/expense"
2025-08-20T13:16:58.079662Z  INFO get_globs:scan_sources: tailwindcss_oxide::scanner: Discovering "/Users/dhrubpathak/Downloads/expense-tracker/app/(routes)/dashboard/upgrade"
2025-08-20T13:16:58.079809Z  INFO get_globs:scan_sources: tailwindcss_oxide::scanner: Discovering "/Users/dhrubpathak/Downloads/expense-tracker/app/(routes)/dashboard/expenses"
2025-08-20T13:16:58.079893Z  INFO get_globs:scan_sources: tailwindcss_oxide::scanner: Discovering "/Users/dhrubpathak/Downloads/expense-tracker/app/(routes)/dashboard/expenses/_components"
2025-08-20T13:16:58.079987Z  INFO get_globs:scan_sources: tailwindcss_oxide::scanner: Discovering "/Users/dhrubpathak/Downloads/expense-tracker/app/(routes)/dashboard/expenses/[id]"
2025-08-20T13:16:58.080070Z  INFO get_globs:scan_sources: tailwindcss_oxide::scanner: Discovering "/Users/dhrubpathak/Downloads/expense-tracker/app/(routes)/dashboard/manage-expenses"
2025-08-20T13:16:58.080186Z  INFO get_globs:scan_sources: tailwindcss_oxide::scanner: Discovering "/Users/dhrubpathak/Downloads/expense-tracker/app/(routes)/dashboard/stripe-test"
2025-08-20T13:16:58.080282Z  INFO get_globs:scan_sources: tailwindcss_oxide::scanner: Discovering "/Users/dhrubpathak/Downloads/expense-tracker/app/(routes)/dashboard/_components"
2025-08-20T13:16:58.080494Z  INFO get_globs:scan_sources: tailwindcss_oxide::scanner: Discovering "/Users/dhrubpathak/Downloads/expense-tracker/app/(routes)/dashboard/budgets"
2025-08-20T13:16:58.080638Z  INFO get_globs:scan_sources: tailwindcss_oxide::scanner: Discovering "/Users/dhrubpathak/Downloads/expense-tracker/app/(routes)/dashboard/budgets/_components"
2025-08-20T13:16:58.080791Z  INFO get_globs:scan_sources: tailwindcss_oxide::scanner: Discovering "/Users/dhrubpathak/Downloads/expense-tracker/app/(routes)/dashboard/categories"
2025-08-20T13:16:58.080953Z  INFO get_globs:scan_sources: tailwindcss_oxide::scanner: Discovering "/Users/dhrubpathak/Downloads/expense-tracker/app/_componets"
2025-08-20T13:16:58.081069Z  INFO get_globs:scan_sources: tailwindcss_oxide::scanner: Discovering "/Users/dhrubpathak/Downloads/expense-tracker/app/api"
2025-08-20T13:16:58.081150Z  INFO get_globs:scan_sources: tailwindcss_oxide::scanner: Discovering "/Users/dhrubpathak/Downloads/expense-tracker/app/api/settings"
2025-08-20T13:16:58.081226Z  INFO get_globs:scan_sources: tailwindcss_oxide::scanner: Discovering "/Users/dhrubpathak/Downloads/expense-tracker/app/api/settings/currency"
2025-08-20T13:16:58.081344Z  INFO get_globs:scan_sources: tailwindcss_oxide::scanner: Discovering "/Users/dhrubpathak/Downloads/expense-tracker/app/api/clear-data"
2025-08-20T13:16:58.081414Z  INFO get_globs:scan_sources: tailwindcss_oxide::scanner: Discovering "/Users/dhrubpathak/Downloads/expense-tracker/app/api/test"
2025-08-20T13:16:58.081472Z  INFO get_globs:scan_sources: tailwindcss_oxide::scanner: Discovering "/Users/dhrubpathak/Downloads/expense-tracker/app/api/expenses"
2025-08-20T13:16:58.081536Z  INFO get_globs:scan_sources: tailwindcss_oxide::scanner: Discovering "/Users/dhrubpathak/Downloads/expense-tracker/app/api/expenses/[id]"
2025-08-20T13:16:58.081608Z  INFO get_globs:scan_sources: tailwindcss_oxide::scanner: Discovering "/Users/dhrubpathak/Downloads/expense-tracker/app/api/health"
2025-08-20T13:16:58.081676Z  INFO get_globs:scan_sources: tailwindcss_oxide::scanner: Discovering "/Users/dhrubpathak/Downloads/expense-tracker/app/api/budgets"
2025-08-20T13:16:58.081795Z  INFO get_globs:scan_sources: tailwindcss_oxide::scanner: Discovering "/Users/dhrubpathak/Downloads/expense-tracker/app/api/budgets/[id]"
2025-08-20T13:16:58.081919Z  INFO get_globs:scan_sources: tailwindcss_oxide::scanner: Discovering "/Users/dhrubpathak/Downloads/expense-tracker/app/api/export"
2025-08-20T13:16:58.081976Z  INFO get_globs:scan_sources: tailwindcss_oxide::scanner: Discovering "/Users/dhrubpathak/Downloads/expense-tracker/app/api/export/expenses"
2025-08-20T13:16:58.082041Z  INFO get_globs:scan_sources: tailwindcss_oxide::scanner: Discovering "/Users/dhrubpathak/Downloads/expense-tracker/app/api/export/budgets"
2025-08-20T13:16:58.082165Z  INFO get_globs:scan_sources: tailwindcss_oxide::scanner: Discovering "/Users/dhrubpathak/Downloads/expense-tracker/app/api/ai-parse"
2025-08-20T13:16:58.082267Z  INFO get_globs:scan_sources: tailwindcss_oxide::scanner: Discovering "/Users/dhrubpathak/Downloads/expense-tracker/app/api/ai-parse/test"
2025-08-20T13:16:58.082359Z  INFO get_globs:scan_sources: tailwindcss_oxide::scanner: Discovering "/Users/dhrubpathak/Downloads/expense-tracker/app/api/categories"
2025-08-20T13:16:58.082418Z  INFO get_globs:scan_sources: tailwindcss_oxide::scanner: Discovering "/Users/dhrubpathak/Downloads/expense-tracker/app/api/stripe"
2025-08-20T13:16:58.082479Z  INFO get_globs:scan_sources: tailwindcss_oxide::scanner: Discovering "/Users/dhrubpathak/Downloads/expense-tracker/app/api/stripe/webhook"
2025-08-20T13:16:58.082547Z  INFO get_globs:scan_sources: tailwindcss_oxide::scanner: Discovering "/Users/dhrubpathak/Downloads/expense-tracker/app/api/stripe/create-checkout-session"
2025-08-20T13:16:58.082642Z  INFO get_globs:scan_sources: tailwindcss_oxide::scanner: Discovering "/Users/dhrubpathak/Downloads/expense-tracker/app/api/stripe/test-webhook"
2025-08-20T13:16:58.082709Z  INFO get_globs:scan_sources: tailwindcss_oxide::scanner: Discovering "/Users/dhrubpathak/Downloads/expense-tracker/app/api/stripe/create-portal-session"
2025-08-20T13:16:58.082777Z  INFO get_globs:scan_sources: tailwindcss_oxide::scanner: Discovering "/Users/dhrubpathak/Downloads/expense-tracker/app/api/stripe/test-config"
2025-08-20T13:16:58.082844Z  INFO get_globs:scan_sources: tailwindcss_oxide::scanner: Discovering "/Users/dhrubpathak/Downloads/expense-tracker/app/api/stripe/cancel-subscription"
2025-08-20T13:16:58.082915Z  INFO get_globs:scan_sources: tailwindcss_oxide::scanner: Discovering "/Users/dhrubpathak/Downloads/expense-tracker/app/(auth)"
2025-08-20T13:16:58.082970Z  INFO get_globs:scan_sources: tailwindcss_oxide::scanner: Discovering "/Users/dhrubpathak/Downloads/expense-tracker/app/(auth)/sign-up"
2025-08-20T13:16:58.083030Z  INFO get_globs:scan_sources: tailwindcss_oxide::scanner: Discovering "/Users/dhrubpathak/Downloads/expense-tracker/app/(auth)/sign-up/[[...sign-up]]"
2025-08-20T13:16:58.083102Z  INFO get_globs:scan_sources: tailwindcss_oxide::scanner: Discovering "/Users/dhrubpathak/Downloads/expense-tracker/app/(auth)/sign-in"
2025-08-20T13:16:58.083155Z  INFO get_globs:scan_sources: tailwindcss_oxide::scanner: Discovering "/Users/dhrubpathak/Downloads/expense-tracker/app/(auth)/sign-in/[[...sign-in]]"
2025-08-20T13:16:58.083308Z  INFO get_globs:scan_sources: tailwindcss_oxide::scanner: Discovering "/Users/dhrubpathak/Downloads/expense-tracker/utils"
2025-08-20T13:16:58.083437Z  INFO get_globs:scan_sources: tailwindcss_oxide::scanner: Discovering "/Users/dhrubpathak/Downloads/expense-tracker/components"
2025-08-20T13:16:58.083492Z  INFO get_globs:scan_sources: tailwindcss_oxide::scanner: Discovering "/Users/dhrubpathak/Downloads/expense-tracker/components/ui"
2025-08-20T13:16:58.083632Z  INFO get_globs:scan_sources: tailwindcss_oxide::scanner: Discovering "/Users/dhrubpathak/Downloads/expense-tracker/public"
2025-08-20T13:16:58.083796Z  INFO get_globs:scan_sources: tailwindcss_oxide::scanner: Discovering "/Users/dhrubpathak/Downloads/expense-tracker/scripts"
2025-08-20T13:16:58.083864Z  INFO get_globs:scan_sources: tailwindcss_oxide::scanner: Discovering "/Users/dhrubpathak/Downloads/expense-tracker/lib"
2025-08-20T13:16:58.083991Z  INFO get_globs:scan_sources: tailwindcss_oxide::scanner: Discovering "/Users/dhrubpathak/Downloads/expense-tracker/drizzle"
2025-08-20T13:16:58.084061Z  INFO get_globs:scan_sources: tailwindcss_oxide::scanner: Discovering "/Users/dhrubpathak/Downloads/expense-tracker/drizzle/meta"
2025-08-20T13:16:58.084187Z  INFO get_globs:scan_sources: tailwindcss_oxide::scanner: exit
2025-08-20T13:16:58.087717Z  INFO get_globs: tailwindcss_oxide::scanner: exit
2025-08-20T13:17:49.657266Z  INFO scan_sources: tailwindcss_oxide::scanner: enter
2025-08-20T13:17:49.661157Z  INFO scan_sources: tailwindcss_oxide::scanner: Discovering "/Users/dhrubpathak/Downloads/expense-tracker/context"
2025-08-20T13:17:49.661332Z  INFO scan_sources: tailwindcss_oxide::scanner: Discovering "/Users/dhrubpathak/Downloads/expense-tracker/app"
2025-08-20T13:17:49.661468Z  INFO scan_sources: tailwindcss_oxide::scanner: Discovering "/Users/dhrubpathak/Downloads/expense-tracker/app/(routes)"
2025-08-20T13:17:49.661565Z  INFO scan_sources: tailwindcss_oxide::scanner: Discovering "/Users/dhrubpathak/Downloads/expense-tracker/app/(routes)/dashboard"
2025-08-20T13:17:49.661669Z  INFO scan_sources: tailwindcss_oxide::scanner: Discovering "/Users/dhrubpathak/Downloads/expense-tracker/app/(routes)/dashboard/settings"
2025-08-20T13:17:49.661770Z  INFO scan_sources: tailwindcss_oxide::scanner: Discovering "/Users/dhrubpathak/Downloads/expense-tracker/app/(routes)/dashboard/expense"
2025-08-20T13:17:49.661876Z  INFO scan_sources: tailwindcss_oxide::scanner: Discovering "/Users/dhrubpathak/Downloads/expense-tracker/app/(routes)/dashboard/upgrade"
2025-08-20T13:17:49.661970Z  INFO scan_sources: tailwindcss_oxide::scanner: Discovering "/Users/dhrubpathak/Downloads/expense-tracker/app/(routes)/dashboard/expenses"
2025-08-20T13:17:49.662052Z  INFO scan_sources: tailwindcss_oxide::scanner: Discovering "/Users/dhrubpathak/Downloads/expense-tracker/app/(routes)/dashboard/expenses/_components"
2025-08-20T13:17:49.662173Z  INFO scan_sources: tailwindcss_oxide::scanner: Discovering "/Users/dhrubpathak/Downloads/expense-tracker/app/(routes)/dashboard/expenses/[id]"
2025-08-20T13:17:49.662280Z  INFO scan_sources: tailwindcss_oxide::scanner: Discovering "/Users/dhrubpathak/Downloads/expense-tracker/app/(routes)/dashboard/manage-expenses"
2025-08-20T13:17:49.662371Z  INFO scan_sources: tailwindcss_oxide::scanner: Discovering "/Users/dhrubpathak/Downloads/expense-tracker/app/(routes)/dashboard/stripe-test"
2025-08-20T13:17:49.662460Z  INFO scan_sources: tailwindcss_oxide::scanner: Discovering "/Users/dhrubpathak/Downloads/expense-tracker/app/(routes)/dashboard/_components"
2025-08-20T13:17:49.662649Z  INFO scan_sources: tailwindcss_oxide::scanner: Discovering "/Users/dhrubpathak/Downloads/expense-tracker/app/(routes)/dashboard/budgets"
2025-08-20T13:17:49.662736Z  INFO scan_sources: tailwindcss_oxide::scanner: Discovering "/Users/dhrubpathak/Downloads/expense-tracker/app/(routes)/dashboard/budgets/_components"
2025-08-20T13:17:49.662869Z  INFO scan_sources: tailwindcss_oxide::scanner: Discovering "/Users/dhrubpathak/Downloads/expense-tracker/app/(routes)/dashboard/categories"
2025-08-20T13:17:49.663000Z  INFO scan_sources: tailwindcss_oxide::scanner: Discovering "/Users/dhrubpathak/Downloads/expense-tracker/app/_componets"
2025-08-20T13:17:49.663101Z  INFO scan_sources: tailwindcss_oxide::scanner: Discovering "/Users/dhrubpathak/Downloads/expense-tracker/app/api"
2025-08-20T13:17:49.663180Z  INFO scan_sources: tailwindcss_oxide::scanner: Discovering "/Users/dhrubpathak/Downloads/expense-tracker/app/api/settings"
2025-08-20T13:17:49.663251Z  INFO scan_sources: tailwindcss_oxide::scanner: Discovering "/Users/dhrubpathak/Downloads/expense-tracker/app/api/settings/currency"
2025-08-20T13:17:49.663328Z  INFO scan_sources: tailwindcss_oxide::scanner: Discovering "/Users/dhrubpathak/Downloads/expense-tracker/app/api/clear-data"
2025-08-20T13:17:49.663416Z  INFO scan_sources: tailwindcss_oxide::scanner: Discovering "/Users/dhrubpathak/Downloads/expense-tracker/app/api/test"
2025-08-20T13:17:49.663491Z  INFO scan_sources: tailwindcss_oxide::scanner: Discovering "/Users/dhrubpathak/Downloads/expense-tracker/app/api/expenses"
2025-08-20T13:17:49.663573Z  INFO scan_sources: tailwindcss_oxide::scanner: Discovering "/Users/dhrubpathak/Downloads/expense-tracker/app/api/expenses/[id]"
2025-08-20T13:17:49.663667Z  INFO scan_sources: tailwindcss_oxide::scanner: Discovering "/Users/dhrubpathak/Downloads/expense-tracker/app/api/health"
2025-08-20T13:17:49.663756Z  INFO scan_sources: tailwindcss_oxide::scanner: Discovering "/Users/dhrubpathak/Downloads/expense-tracker/app/api/budgets"
2025-08-20T13:17:49.663827Z  INFO scan_sources: tailwindcss_oxide::scanner: Discovering "/Users/dhrubpathak/Downloads/expense-tracker/app/api/budgets/route.js"
2025-08-20T13:17:49.663879Z  INFO scan_sources: tailwindcss_oxide::scanner: Discovering "/Users/dhrubpathak/Downloads/expense-tracker/app/api/budgets/[id]"
2025-08-20T13:17:49.663972Z  INFO scan_sources: tailwindcss_oxide::scanner: Discovering "/Users/dhrubpathak/Downloads/expense-tracker/app/api/export"
2025-08-20T13:17:49.664046Z  INFO scan_sources: tailwindcss_oxide::scanner: Discovering "/Users/dhrubpathak/Downloads/expense-tracker/app/api/export/expenses"
2025-08-20T13:17:49.664134Z  INFO scan_sources: tailwindcss_oxide::scanner: Discovering "/Users/dhrubpathak/Downloads/expense-tracker/app/api/export/budgets"
2025-08-20T13:17:49.664239Z  INFO scan_sources: tailwindcss_oxide::scanner: Discovering "/Users/dhrubpathak/Downloads/expense-tracker/app/api/ai-parse"
2025-08-20T13:17:49.664319Z  INFO scan_sources: tailwindcss_oxide::scanner: Discovering "/Users/dhrubpathak/Downloads/expense-tracker/app/api/ai-parse/test"
2025-08-20T13:17:49.664407Z  INFO scan_sources: tailwindcss_oxide::scanner: Discovering "/Users/dhrubpathak/Downloads/expense-tracker/app/api/categories"
2025-08-20T13:17:49.664478Z  INFO scan_sources: tailwindcss_oxide::scanner: Discovering "/Users/dhrubpathak/Downloads/expense-tracker/app/api/stripe"
2025-08-20T13:17:49.664553Z  INFO scan_sources: tailwindcss_oxide::scanner: Discovering "/Users/dhrubpathak/Downloads/expense-tracker/app/api/stripe/webhook"
2025-08-20T13:17:49.664640Z  INFO scan_sources: tailwindcss_oxide::scanner: Discovering "/Users/dhrubpathak/Downloads/expense-tracker/app/api/stripe/create-checkout-session"
2025-08-20T13:17:49.664726Z  INFO scan_sources: tailwindcss_oxide::scanner: Discovering "/Users/dhrubpathak/Downloads/expense-tracker/app/api/stripe/test-webhook"
2025-08-20T13:17:49.664812Z  INFO scan_sources: tailwindcss_oxide::scanner: Discovering "/Users/dhrubpathak/Downloads/expense-tracker/app/api/stripe/create-portal-session"
2025-08-20T13:17:49.664897Z  INFO scan_sources: tailwindcss_oxide::scanner: Discovering "/Users/dhrubpathak/Downloads/expense-tracker/app/api/stripe/test-config"
2025-08-20T13:17:49.664982Z  INFO scan_sources: tailwindcss_oxide::scanner: Discovering "/Users/dhrubpathak/Downloads/expense-tracker/app/api/stripe/cancel-subscription"
2025-08-20T13:17:49.665074Z  INFO scan_sources: tailwindcss_oxide::scanner: Discovering "/Users/dhrubpathak/Downloads/expense-tracker/app/(auth)"
2025-08-20T13:17:49.665144Z  INFO scan_sources: tailwindcss_oxide::scanner: Discovering "/Users/dhrubpathak/Downloads/expense-tracker/app/(auth)/sign-up"
2025-08-20T13:17:49.665237Z  INFO scan_sources: tailwindcss_oxide::scanner: Discovering "/Users/dhrubpathak/Downloads/expense-tracker/app/(auth)/sign-up/[[...sign-up]]"
2025-08-20T13:17:49.665332Z  INFO scan_sources: tailwindcss_oxide::scanner: Discovering "/Users/dhrubpathak/Downloads/expense-tracker/app/(auth)/sign-in"
2025-08-20T13:17:49.665401Z  INFO scan_sources: tailwindcss_oxide::scanner: Discovering "/Users/dhrubpathak/Downloads/expense-tracker/app/(auth)/sign-in/[[...sign-in]]"
2025-08-20T13:17:49.665601Z  INFO scan_sources: tailwindcss_oxide::scanner: Discovering "/Users/dhrubpathak/Downloads/expense-tracker/utils"
2025-08-20T13:17:49.665770Z  INFO scan_sources: tailwindcss_oxide::scanner: Discovering "/Users/dhrubpathak/Downloads/expense-tracker/components"
2025-08-20T13:17:49.665858Z  INFO scan_sources: tailwindcss_oxide::scanner: Discovering "/Users/dhrubpathak/Downloads/expense-tracker/components/ui"
2025-08-20T13:17:49.666043Z  INFO scan_sources: tailwindcss_oxide::scanner: Discovering "/Users/dhrubpathak/Downloads/expense-tracker/public"
2025-08-20T13:17:49.666257Z  INFO scan_sources: tailwindcss_oxide::scanner: Discovering "/Users/dhrubpathak/Downloads/expense-tracker/scripts"
2025-08-20T13:17:49.666345Z  INFO scan_sources: tailwindcss_oxide::scanner: Discovering "/Users/dhrubpathak/Downloads/expense-tracker/lib"
2025-08-20T13:17:49.666536Z  INFO scan_sources: tailwindcss_oxide::scanner: Discovering "/Users/dhrubpathak/Downloads/expense-tracker/drizzle"
2025-08-20T13:17:49.666630Z  INFO scan_sources: tailwindcss_oxide::scanner: Discovering "/Users/dhrubpathak/Downloads/expense-tracker/drizzle/meta"
2025-08-20T13:17:49.666798Z  INFO scan_sources: tailwindcss_oxide::scanner: exit
2025-08-20T13:17:49.666813Z  INFO extract_candidates: tailwindcss_oxide::scanner: enter
2025-08-20T13:17:49.666822Z  INFO extract_candidates:read_all_files: tailwindcss_oxide::scanner: enter
2025-08-20T13:17:49.666828Z  INFO extract_candidates:read_all_files: tailwindcss_oxide::scanner: Reading 1 file(s)
2025-08-20T13:17:49.666874Z  INFO extract_candidates:read_all_files: tailwindcss_oxide::scanner: Reading "/Users/dhrubpathak/Downloads/expense-tracker/app/api/budgets/route.js"
2025-08-20T13:17:49.666887Z  INFO extract_candidates:read_all_files: tailwindcss_oxide::scanner: exit
2025-08-20T13:17:49.666896Z  INFO extract_candidates:parse_all_blobs: tailwindcss_oxide::scanner: enter
2025-08-20T13:17:49.666902Z  INFO extract_candidates:parse_all_blobs:extract: tailwindcss_oxide::scanner: enter
2025-08-20T13:17:49.667159Z  INFO extract_candidates:parse_all_blobs:extract: tailwindcss_oxide::scanner: exit
2025-08-20T13:17:49.667186Z  INFO extract_candidates:parse_all_blobs: tailwindcss_oxide::scanner: exit
2025-08-20T13:17:49.667267Z  INFO extract_candidates: tailwindcss_oxide::scanner: exit
2025-08-20T13:17:49.668810Z  INFO get_files: tailwindcss_oxide::scanner: enter
2025-08-20T13:17:49.668829Z  INFO get_files:scan_sources: tailwindcss_oxide::scanner: enter
2025-08-20T13:17:49.669699Z  INFO get_files:scan_sources: tailwindcss_oxide::scanner: Discovering "/Users/dhrubpathak/Downloads/expense-tracker/context"
2025-08-20T13:17:49.669851Z  INFO get_files:scan_sources: tailwindcss_oxide::scanner: Discovering "/Users/dhrubpathak/Downloads/expense-tracker/app"
2025-08-20T13:17:49.669937Z  INFO get_files:scan_sources: tailwindcss_oxide::scanner: Discovering "/Users/dhrubpathak/Downloads/expense-tracker/app/(routes)"
2025-08-20T13:17:49.670017Z  INFO get_files:scan_sources: tailwindcss_oxide::scanner: Discovering "/Users/dhrubpathak/Downloads/expense-tracker/app/(routes)/dashboard"
2025-08-20T13:17:49.670102Z  INFO get_files:scan_sources: tailwindcss_oxide::scanner: Discovering "/Users/dhrubpathak/Downloads/expense-tracker/app/(routes)/dashboard/settings"
2025-08-20T13:17:49.670199Z  INFO get_files:scan_sources: tailwindcss_oxide::scanner: Discovering "/Users/dhrubpathak/Downloads/expense-tracker/app/(routes)/dashboard/expense"
2025-08-20T13:17:49.670305Z  INFO get_files:scan_sources: tailwindcss_oxide::scanner: Discovering "/Users/dhrubpathak/Downloads/expense-tracker/app/(routes)/dashboard/upgrade"
2025-08-20T13:17:49.670397Z  INFO get_files:scan_sources: tailwindcss_oxide::scanner: Discovering "/Users/dhrubpathak/Downloads/expense-tracker/app/(routes)/dashboard/expenses"
2025-08-20T13:17:49.670475Z  INFO get_files:scan_sources: tailwindcss_oxide::scanner: Discovering "/Users/dhrubpathak/Downloads/expense-tracker/app/(routes)/dashboard/expenses/_components"
2025-08-20T13:17:49.670590Z  INFO get_files:scan_sources: tailwindcss_oxide::scanner: Discovering "/Users/dhrubpathak/Downloads/expense-tracker/app/(routes)/dashboard/expenses/[id]"
2025-08-20T13:17:49.670695Z  INFO get_files:scan_sources: tailwindcss_oxide::scanner: Discovering "/Users/dhrubpathak/Downloads/expense-tracker/app/(routes)/dashboard/manage-expenses"
2025-08-20T13:17:49.670784Z  INFO get_files:scan_sources: tailwindcss_oxide::scanner: Discovering "/Users/dhrubpathak/Downloads/expense-tracker/app/(routes)/dashboard/stripe-test"
2025-08-20T13:17:49.670878Z  INFO get_files:scan_sources: tailwindcss_oxide::scanner: Discovering "/Users/dhrubpathak/Downloads/expense-tracker/app/(routes)/dashboard/_components"
2025-08-20T13:17:49.671064Z  INFO get_files:scan_sources: tailwindcss_oxide::scanner: Discovering "/Users/dhrubpathak/Downloads/expense-tracker/app/(routes)/dashboard/budgets"
2025-08-20T13:17:49.671171Z  INFO get_files:scan_sources: tailwindcss_oxide::scanner: Discovering "/Users/dhrubpathak/Downloads/expense-tracker/app/(routes)/dashboard/budgets/_components"
2025-08-20T13:17:49.671301Z  INFO get_files:scan_sources: tailwindcss_oxide::scanner: Discovering "/Users/dhrubpathak/Downloads/expense-tracker/app/(routes)/dashboard/categories"
2025-08-20T13:17:49.671427Z  INFO get_files:scan_sources: tailwindcss_oxide::scanner: Discovering "/Users/dhrubpathak/Downloads/expense-tracker/app/_componets"
2025-08-20T13:17:49.671525Z  INFO get_files:scan_sources: tailwindcss_oxide::scanner: Discovering "/Users/dhrubpathak/Downloads/expense-tracker/app/api"
2025-08-20T13:17:49.671603Z  INFO get_files:scan_sources: tailwindcss_oxide::scanner: Discovering "/Users/dhrubpathak/Downloads/expense-tracker/app/api/settings"
2025-08-20T13:17:49.671674Z  INFO get_files:scan_sources: tailwindcss_oxide::scanner: Discovering "/Users/dhrubpathak/Downloads/expense-tracker/app/api/settings/currency"
2025-08-20T13:17:49.671750Z  INFO get_files:scan_sources: tailwindcss_oxide::scanner: Discovering "/Users/dhrubpathak/Downloads/expense-tracker/app/api/clear-data"
2025-08-20T13:17:49.671837Z  INFO get_files:scan_sources: tailwindcss_oxide::scanner: Discovering "/Users/dhrubpathak/Downloads/expense-tracker/app/api/test"
2025-08-20T13:17:49.671910Z  INFO get_files:scan_sources: tailwindcss_oxide::scanner: Discovering "/Users/dhrubpathak/Downloads/expense-tracker/app/api/expenses"
2025-08-20T13:17:49.671991Z  INFO get_files:scan_sources: tailwindcss_oxide::scanner: Discovering "/Users/dhrubpathak/Downloads/expense-tracker/app/api/expenses/[id]"
2025-08-20T13:17:49.672084Z  INFO get_files:scan_sources: tailwindcss_oxide::scanner: Discovering "/Users/dhrubpathak/Downloads/expense-tracker/app/api/health"
2025-08-20T13:17:49.672172Z  INFO get_files:scan_sources: tailwindcss_oxide::scanner: Discovering "/Users/dhrubpathak/Downloads/expense-tracker/app/api/budgets"
2025-08-20T13:17:49.672252Z  INFO get_files:scan_sources: tailwindcss_oxide::scanner: Discovering "/Users/dhrubpathak/Downloads/expense-tracker/app/api/budgets/[id]"
2025-08-20T13:17:49.672340Z  INFO get_files:scan_sources: tailwindcss_oxide::scanner: Discovering "/Users/dhrubpathak/Downloads/expense-tracker/app/api/export"
2025-08-20T13:17:49.672412Z  INFO get_files:scan_sources: tailwindcss_oxide::scanner: Discovering "/Users/dhrubpathak/Downloads/expense-tracker/app/api/export/expenses"
2025-08-20T13:17:49.672496Z  INFO get_files:scan_sources: tailwindcss_oxide::scanner: Discovering "/Users/dhrubpathak/Downloads/expense-tracker/app/api/export/budgets"
2025-08-20T13:17:49.672584Z  INFO get_files:scan_sources: tailwindcss_oxide::scanner: Discovering "/Users/dhrubpathak/Downloads/expense-tracker/app/api/ai-parse"
2025-08-20T13:17:49.672664Z  INFO get_files:scan_sources: tailwindcss_oxide::scanner: Discovering "/Users/dhrubpathak/Downloads/expense-tracker/app/api/ai-parse/test"
2025-08-20T13:17:49.672752Z  INFO get_files:scan_sources: tailwindcss_oxide::scanner: Discovering "/Users/dhrubpathak/Downloads/expense-tracker/app/api/categories"
2025-08-20T13:17:49.672824Z  INFO get_files:scan_sources: tailwindcss_oxide::scanner: Discovering "/Users/dhrubpathak/Downloads/expense-tracker/app/api/stripe"
2025-08-20T13:17:49.672900Z  INFO get_files:scan_sources: tailwindcss_oxide::scanner: Discovering "/Users/dhrubpathak/Downloads/expense-tracker/app/api/stripe/webhook"
2025-08-20T13:17:49.672986Z  INFO get_files:scan_sources: tailwindcss_oxide::scanner: Discovering "/Users/dhrubpathak/Downloads/expense-tracker/app/api/stripe/create-checkout-session"
2025-08-20T13:17:49.673071Z  INFO get_files:scan_sources: tailwindcss_oxide::scanner: Discovering "/Users/dhrubpathak/Downloads/expense-tracker/app/api/stripe/test-webhook"
2025-08-20T13:17:49.673157Z  INFO get_files:scan_sources: tailwindcss_oxide::scanner: Discovering "/Users/dhrubpathak/Downloads/expense-tracker/app/api/stripe/create-portal-session"
2025-08-20T13:17:49.673244Z  INFO get_files:scan_sources: tailwindcss_oxide::scanner: Discovering "/Users/dhrubpathak/Downloads/expense-tracker/app/api/stripe/test-config"
2025-08-20T13:17:49.673333Z  INFO get_files:scan_sources: tailwindcss_oxide::scanner: Discovering "/Users/dhrubpathak/Downloads/expense-tracker/app/api/stripe/cancel-subscription"
2025-08-20T13:17:49.673428Z  INFO get_files:scan_sources: tailwindcss_oxide::scanner: Discovering "/Users/dhrubpathak/Downloads/expense-tracker/app/(auth)"
2025-08-20T13:17:49.673498Z  INFO get_files:scan_sources: tailwindcss_oxide::scanner: Discovering "/Users/dhrubpathak/Downloads/expense-tracker/app/(auth)/sign-up"
2025-08-20T13:17:49.673574Z  INFO get_files:scan_sources: tailwindcss_oxide::scanner: Discovering "/Users/dhrubpathak/Downloads/expense-tracker/app/(auth)/sign-up/[[...sign-up]]"
2025-08-20T13:17:49.673670Z  INFO get_files:scan_sources: tailwindcss_oxide::scanner: Discovering "/Users/dhrubpathak/Downloads/expense-tracker/app/(auth)/sign-in"
2025-08-20T13:17:49.673738Z  INFO get_files:scan_sources: tailwindcss_oxide::scanner: Discovering "/Users/dhrubpathak/Downloads/expense-tracker/app/(auth)/sign-in/[[...sign-in]]"
2025-08-20T13:17:49.673934Z  INFO get_files:scan_sources: tailwindcss_oxide::scanner: Discovering "/Users/dhrubpathak/Downloads/expense-tracker/utils"
2025-08-20T13:17:49.674098Z  INFO get_files:scan_sources: tailwindcss_oxide::scanner: Discovering "/Users/dhrubpathak/Downloads/expense-tracker/components"
2025-08-20T13:17:49.674168Z  INFO get_files:scan_sources: tailwindcss_oxide::scanner: Discovering "/Users/dhrubpathak/Downloads/expense-tracker/components/ui"
2025-08-20T13:17:49.674349Z  INFO get_files:scan_sources: tailwindcss_oxide::scanner: Discovering "/Users/dhrubpathak/Downloads/expense-tracker/public"
2025-08-20T13:17:49.674557Z  INFO get_files:scan_sources: tailwindcss_oxide::scanner: Discovering "/Users/dhrubpathak/Downloads/expense-tracker/scripts"
2025-08-20T13:17:49.674643Z  INFO get_files:scan_sources: tailwindcss_oxide::scanner: Discovering "/Users/dhrubpathak/Downloads/expense-tracker/lib"
2025-08-20T13:17:49.674808Z  INFO get_files:scan_sources: tailwindcss_oxide::scanner: Discovering "/Users/dhrubpathak/Downloads/expense-tracker/drizzle"
2025-08-20T13:17:49.674898Z  INFO get_files:scan_sources: tailwindcss_oxide::scanner: Discovering "/Users/dhrubpathak/Downloads/expense-tracker/drizzle/meta"
2025-08-20T13:17:49.675054Z  INFO get_files:scan_sources: tailwindcss_oxide::scanner: exit
2025-08-20T13:17:49.675440Z  INFO get_files: tailwindcss_oxide::scanner: exit
2025-08-20T13:17:49.675874Z  INFO get_globs: tailwindcss_oxide::scanner: enter
2025-08-20T13:17:49.675895Z  INFO get_globs: tailwindcss_oxide::scanner: exit
